<?xml version="1.0" encoding="UTF-8"?>
<!-- Generated by org.testng.reporters.JUnitXMLReporter -->
<testsuite ignored="0" hostname="DESKTOP-Q3VM3NF" failures="1" tests="28" name="Run on CHROME" time="15.275" errors="0" timestamp="2023-08-19T12:00:59 ICT">
  <testcase classname="com.newaccount.NewAccount" name="NC1_CustomerName_Is_Blank" time="2.455"/>
  <testcase classname="com.newaccount.NewAccount" name="NC2_CustomerName_Is_Number" time="0.177"/>
  <testcase classname="com.newaccount.NewAccount" name="NC3_CustomerName_Is_Character" time="0.17"/>
  <testcase classname="com.newaccount.NewAccount" name="NC4_CustomerName_Is_First_Blank_Space" time="0.168"/>
  <testcase classname="com.newaccount.NewAccount" name="NC5_Address_Is_Blank_Space" time="0.185"/>
  <testcase classname="com.newaccount.NewAccount" name="NC6_Address_Is_First_Blank_Space" time="0.169"/>
  <testcase classname="com.newaccount.NewAccount" name="NC8_City_Is_First_Blank_Space" time="0.19"/>
  <testcase classname="com.newaccount.NewAccount" name="NC9_City_Is_Numeric" time="0.173"/>
  <testcase classname="com.newaccount.NewAccount" name="NC10_City_Is_Special_Character" time="0.193"/>
  <testcase classname="com.newaccount.NewAccount" name="NC11_City_Is_First_Blank_Space" time="0.161"/>
  <testcase classname="com.newaccount.NewAccount" name="NC12_State_Is_Empty" time="0.197"/>
  <testcase classname="com.newaccount.NewAccount" name="NC13_State_Is_Numeric" time="0.157"/>
  <testcase classname="com.newaccount.NewAccount" name="NC14_State_Is_Special" time="0.169"/>
  <testcase classname="com.newaccount.NewAccount" name="NC15_City_Is_First_Blank_Space" time="0.188"/>
  <testcase classname="com.newaccount.NewAccount" name="NC16_Pin_Is_Empty" time="0.205"/>
  <testcase classname="com.newaccount.NewAccount" name="NC17_Pin_Is_Numeric" time="0.201"/>
  <testcase classname="com.newaccount.NewAccount" name="NC18_PIN_Must_Have_6_Digits" time="0.178"/>
  <testcase classname="com.newaccount.NewAccount" name="NC19_PIN_Cannot_Have_Special" time="0.168"/>
  <testcase classname="com.newaccount.NewAccount" name="NC20_Pin_Have_First_Blank_Space" time="0.188"/>
  <testcase classname="com.newaccount.NewAccount" name="NC21_Pin_Have_Blank_Space" time="0.175"/>
  <testcase classname="com.newaccount.NewAccount" name="NC22_Telephone_Is_Empty" time="0.239"/>
  <testcase classname="com.newaccount.NewAccount" name="NC23_Telephone_first_character_is_blank" time="0.196"/>
  <testcase classname="com.newaccount.NewAccount" name="NC24_Telephone_is_include_blank_space" time="0.182"/>
  <testcase classname="com.newaccount.NewAccount" name="NC25_Telephone_is_special_character" time="0.155"/>
  <testcase classname="com.newaccount.NewAccount" name="NC26_Email_is_Empty" time="0.234"/>
  <testcase classname="com.newaccount.NewAccount" name="NC27_Email_Is_Incorrect_Format" time="0.154"/>
  <testcase classname="com.newaccount.NewAccount" name="NC29_Email_Have_Space" time="0.213"/>
  <testcase classname="com.newaccount.NewAccount" name="NC30_Email_is_Empty" time="0.168">
    <failure type="org.openqa.selenium.UnhandledAlertException" message="unexpected alert open: {Alert text : please fill all fields}
  (Session info: chrome=115.0.5790.171): please fill all fields
Build info: version: &amp;apos;3.141.59&amp;apos;, revision: &amp;apos;e82be7d358&amp;apos;, time: &amp;apos;2018-11-14T08:17:03&amp;apos;
System info: host: &amp;apos;DESKTOP-Q3VM3NF&amp;apos;, ip: &amp;apos;172.27.240.1&amp;apos;, os.name: &amp;apos;Windows 10&amp;apos;, os.arch: &amp;apos;amd64&amp;apos;, os.version: &amp;apos;10.0&amp;apos;, java.version: &amp;apos;11.0.18&amp;apos;
Driver info: org.openqa.selenium.chrome.ChromeDriver
Capabilities {acceptInsecureCerts: false, browserName: chrome, browserVersion: 115.0.5790.171, chrome: {chromedriverVersion: 115.0.5790.170 (cc0d30c2ca5..., userDataDir: C:\Users\PC\AppData\Local\T...}, goog:chromeOptions: {debuggerAddress: localhost:62101}, javascriptEnabled: true, networkConnectionEnabled: false, pageLoadStrategy: normal, platform: WINDOWS, platformName: WINDOWS, proxy: Proxy(), setWindowRect: true, strictFileInteractability: false, timeouts: {implicit: 0, pageLoad: 300000, script: 30000}, unhandledPromptBehavior: dismiss and notify, webauthn:extension:credBlob: true, webauthn:extension:largeBlob: true, webauthn:extension:minPinLength: true, webauthn:extension:prf: true, webauthn:virtualAuthenticators: true}
Session ID: ceb7cf1e012d4947c190e6fb0e0ba44a">
      <![CDATA[org.openqa.selenium.UnhandledAlertException: unexpected alert open: {Alert text : please fill all fields}
  (Session info: chrome=115.0.5790.171): please fill all fields
Build info: version: '3.141.59', revision: 'e82be7d358', time: '2018-11-14T08:17:03'
System info: host: 'DESKTOP-Q3VM3NF', ip: '172.27.240.1', os.name: 'Windows 10', os.arch: 'amd64', os.version: '10.0', java.version: '11.0.18'
Driver info: org.openqa.selenium.chrome.ChromeDriver
Capabilities {acceptInsecureCerts: false, browserName: chrome, browserVersion: 115.0.5790.171, chrome: {chromedriverVersion: 115.0.5790.170 (cc0d30c2ca5..., userDataDir: C:\Users\PC\AppData\Local\T...}, goog:chromeOptions: {debuggerAddress: localhost:62101}, javascriptEnabled: true, networkConnectionEnabled: false, pageLoadStrategy: normal, platform: WINDOWS, platformName: WINDOWS, proxy: Proxy(), setWindowRect: true, strictFileInteractability: false, timeouts: {implicit: 0, pageLoad: 300000, script: 30000}, unhandledPromptBehavior: dismiss and notify, webauthn:extension:credBlob: true, webauthn:extension:largeBlob: true, webauthn:extension:minPinLength: true, webauthn:extension:prf: true, webauthn:virtualAuthenticators: true}
Session ID: ceb7cf1e012d4947c190e6fb0e0ba44a
at org.openqa.selenium.remote.http.W3CHttpResponseCodec.decode(W3CHttpResponseCodec.java:120)
at org.openqa.selenium.remote.http.W3CHttpResponseCodec.decode(W3CHttpResponseCodec.java:49)
at org.openqa.selenium.remote.HttpCommandExecutor.execute(HttpCommandExecutor.java:158)
at org.openqa.selenium.remote.service.DriverCommandExecutor.execute(DriverCommandExecutor.java:83)
at org.openqa.selenium.remote.RemoteWebDriver.execute(RemoteWebDriver.java:552)
at org.openqa.selenium.remote.RemoteWebDriver.execute(RemoteWebDriver.java:609)
at org.openqa.selenium.remote.RemoteWebDriver$RemoteNavigation.refresh(RemoteWebDriver.java:865)
at commons.BasePage.refreshBrowser(BasePage.java:57)
at com.newaccount.NewAccount.NC30_Email_is_Empty(NewAccount.java:335)
at java.base/java.util.ArrayList.forEach(ArrayList.java:1541)
... Removed 27 stack frames]]>
    </failure>
  </testcase> <!-- NC30_Email_is_Empty -->
</testsuite> <!-- Run on CHROME -->
