<?xml version="1.0" encoding="UTF-8"?>
<!-- Generated by org.testng.reporters.JUnitReportReporter -->
<testsuite hostname="DESKTOP-Q3VM3NF" failures="0" tests="28" name="com.newaccount.NewAccount" time="7.408" errors="1" timestamp="2023-08-19T12:00:59 ICT" skipped="0">
  <testcase classname="com.newaccount.NewAccount" name="NC3_CustomerName_Is_Character" time="0.170">
    <system-out>
      <![CDATA[[2023-08-19 12:00:53,985] NC3 01: Enter to Customer Name value '123123@##!'
<br>
[2023-08-19 12:00:54,094] NC3 02: Verify error message is displayed
<br>]]>
    </system-out>
  </testcase> <!-- NC3_CustomerName_Is_Character -->
  <testcase classname="com.newaccount.NewAccount" name="NC9_City_Is_Numeric" time="0.173">
    <system-out>
      <![CDATA[[2023-08-19 12:00:54,875] N9 01: Enter to City value '213123123'
<br>
[2023-08-19 12:00:54,978] N9 02: Verify error message is displayed
<br>]]>
    </system-out>
  </testcase> <!-- NC9_City_Is_Numeric -->
  <testcase classname="com.newaccount.NewAccount" name="NC4_CustomerName_Is_First_Blank_Space" time="0.168">
    <system-out>
      <![CDATA[[2023-08-19 12:00:54,156] N4 01: Enter to Customer Name value ' dsdsdsdsdsd'
<br>
[2023-08-19 12:00:54,268] N4 02: Verify error message is displayed
<br>]]>
    </system-out>
  </testcase> <!-- NC4_CustomerName_Is_First_Blank_Space -->
  <testcase classname="com.newaccount.NewAccount" name="NC5_Address_Is_Blank_Space" time="0.185">
    <system-out>
      <![CDATA[[2023-08-19 12:00:54,325] N5 01: Enter to Address value ''
<br>
[2023-08-19 12:00:54,416] N5 02: Press tab key to next field
<br>
[2023-08-19 12:00:54,457] N5 03: Verify error message is displayed
<br>]]>
    </system-out>
  </testcase> <!-- NC5_Address_Is_Blank_Space -->
  <testcase classname="com.newaccount.NewAccount" name="NC1_CustomerName_Is_Blank" time="2.455">
    <system-out>
      <![CDATA[[2023-08-19 12:00:51,323] NC1 01: Open New Customer Page
<br>
[2023-08-19 12:00:51,463] NC1 02: Enter to Customer Name ''
<br>
[2023-08-19 12:00:53,619] NC1 03: Press TAB to navigate next field
<br>
[2023-08-19 12:00:53,692] NC1 04: Verify error message is displayed
<br>]]>
    </system-out>
  </testcase> <!-- NC1_CustomerName_Is_Blank -->
  <testcase classname="com.newaccount.NewAccount" name="NC6_Address_Is_First_Blank_Space" time="0.169">
    <system-out>
      <![CDATA[[2023-08-19 12:00:54,512] N6 01: Enter to Customer Name value ' dsdsdsdsdsd'
<br>
[2023-08-19 12:00:54,611] N6 02: Verify error message is displayed
<br>]]>
    </system-out>
  </testcase> <!-- NC6_Address_Is_First_Blank_Space -->
  <testcase classname="com.newaccount.NewAccount" name="NC2_CustomerName_Is_Number" time="0.177">
    <system-out>
      <![CDATA[[2023-08-19 12:00:53,806] NC2 01: Enter to Customer Name value 'Acc1234'
<br>
[2023-08-19 12:00:53,921] NC2 02: Verify error message is displayed
<br>]]>
    </system-out>
  </testcase> <!-- NC2_CustomerName_Is_Number -->
  <testcase classname="com.newaccount.NewAccount" name="NC8_City_Is_First_Blank_Space" time="0.190">
    <system-out>
      <![CDATA[[2023-08-19 12:00:54,683] N8 01: Enter to City value ''
<br>
[2023-08-19 12:00:54,775] N8 02: Press tab to navigate next field
<br>
[2023-08-19 12:00:54,817] N8 03: Verify error message is displayed
<br>]]>
    </system-out>
  </testcase> <!-- NC8_City_Is_First_Blank_Space -->
  <testcase classname="com.newaccount.NewAccount" name="NC15_City_Is_First_Blank_Space" time="0.188">
    <system-out>
      <![CDATA[[2023-08-19 12:00:55,937] N15 01: Enter to State value ' dsdsdsdsdsd'
<br>
[2023-08-19 12:00:56,054] N15 02: Verify error message is displayed
<br>]]>
    </system-out>
  </testcase> <!-- NC15_City_Is_First_Blank_Space -->
  <testcase classname="com.newaccount.NewAccount" name="NC17_Pin_Is_Numeric" time="0.201">
    <system-out>
      <![CDATA[[2023-08-19 12:00:56,335] N17 01: Enter to PIN value '123PIN'
<br>
[2023-08-19 12:00:56,463] N17 02: Verify error message is displayed
<br>]]>
    </system-out>
  </testcase> <!-- NC17_Pin_Is_Numeric -->
  <testcase classname="com.newaccount.NewAccount" name="NC29_Email_Have_Space" time="0.213">
    <system-out>
      <![CDATA[[2023-08-19 12:00:58,427] NC29 01: Enter to Email value ' asdasdasdasd'
<br>
[2023-08-19 12:00:58,570] NC29 02: Verify error message is displayed
<br>]]>
    </system-out>
  </testcase> <!-- NC29_Email_Have_Space -->
  <testcase classname="com.newaccount.NewAccount" name="NC23_Telephone_first_character_is_blank" time="0.196">
    <system-out>
      <![CDATA[[2023-08-19 12:00:57,499] NC23 01: Enter to PIN value ' sadsfsdfsdfsdf'
<br>
[2023-08-19 12:00:57,628] NC23 02: Verify error message is displayed
<br>]]>
    </system-out>
  </testcase> <!-- NC23_Telephone_first_character_is_blank -->
  <testcase classname="com.newaccount.NewAccount" name="NC11_City_Is_First_Blank_Space" time="0.161">
    <system-out>
      <![CDATA[[2023-08-19 12:00:55,246] N11 01: Enter to City value ' dsdsdsdsdsd'
<br>
[2023-08-19 12:00:55,343] N11 02: Verify error message is displayed
<br>]]>
    </system-out>
  </testcase> <!-- NC11_City_Is_First_Blank_Space -->
  <testcase classname="com.newaccount.NewAccount" name="NC25_Telephone_is_special_character" time="0.155">
    <system-out>
      <![CDATA[[2023-08-19 12:00:57,878] NC25 01: Enter to Telephone value '13123@##'
<br>
[2023-08-19 12:00:57,973] NC25 02: Verify error message is displayed
<br>]]>
    </system-out>
  </testcase> <!-- NC25_Telephone_is_special_character -->
  <testcase classname="com.newaccount.NewAccount" name="NC14_State_Is_Special" time="0.169">
    <system-out>
      <![CDATA[[2023-08-19 12:00:55,765] N14 01: Enter to State value '@&*!#^&*@!#^&'
<br>
[2023-08-19 12:00:55,872] N14 02: Verify error message is displayed
<br>]]>
    </system-out>
  </testcase> <!-- NC14_State_Is_Special -->
  <testcase classname="com.newaccount.NewAccount" name="NC27_Email_Is_Incorrect_Format" time="0.154">
    <system-out>
      <![CDATA[[2023-08-19 12:00:58,271] NC27 01: Enter to Email value '13123@##'
<br>
[2023-08-19 12:00:58,362] NC27 02: Verify error message is displayed
<br>]]>
    </system-out>
  </testcase> <!-- NC27_Email_Is_Incorrect_Format -->
  <testcase classname="com.newaccount.NewAccount" name="NC30_Email_is_Empty" time="0.168">
    <error message="unexpected alert open: {Alert text : please fill all fields}
  (Session info: chrome=115.0.5790.171): please fill all fields
Build info: version: &#039;3.141.59&#039;, revision: &#039;e82be7d358&#039;, time: &#039;2018-11-14T08:17:03&#039;
System info: host: &#039;DESKTOP-Q3VM3NF&#039;, ip: &#039;172.27.240.1&#039;, os.name: &#039;Windows 10&#039;, os.arch: &#039;amd64&#039;, os.version: &#039;10.0&#039;, java.version: &#039;11.0.18&#039;
Driver info: org.openqa.selenium.chrome.ChromeDriver
Capabilities {acceptInsecureCerts: false, browserName: chrome, browserVersion: 115.0.5790.171, chrome: {chromedriverVersion: 115.0.5790.170 (cc0d30c2ca5..., userDataDir: C:\Users\PC\AppData\Local\T...}, goog:chromeOptions: {debuggerAddress: localhost:62101}, javascriptEnabled: true, networkConnectionEnabled: false, pageLoadStrategy: normal, platform: WINDOWS, platformName: WINDOWS, proxy: Proxy(), setWindowRect: true, strictFileInteractability: false, timeouts: {implicit: 0, pageLoad: 300000, script: 30000}, unhandledPromptBehavior: dismiss and notify, webauthn:extension:credBlob: true, webauthn:extension:largeBlob: true, webauthn:extension:minPinLength: true, webauthn:extension:prf: true, webauthn:virtualAuthenticators: true}
Session ID: ceb7cf1e012d4947c190e6fb0e0ba44a" type="org.openqa.selenium.UnhandledAlertException">
      <![CDATA[org.openqa.selenium.UnhandledAlertException: unexpected alert open: {Alert text : please fill all fields}
  (Session info: chrome=115.0.5790.171): please fill all fields
Build info: version: '3.141.59', revision: 'e82be7d358', time: '2018-11-14T08:17:03'
System info: host: 'DESKTOP-Q3VM3NF', ip: '172.27.240.1', os.name: 'Windows 10', os.arch: 'amd64', os.version: '10.0', java.version: '11.0.18'
Driver info: org.openqa.selenium.chrome.ChromeDriver
Capabilities {acceptInsecureCerts: false, browserName: chrome, browserVersion: 115.0.5790.171, chrome: {chromedriverVersion: 115.0.5790.170 (cc0d30c2ca5..., userDataDir: C:\Users\PC\AppData\Local\T...}, goog:chromeOptions: {debuggerAddress: localhost:62101}, javascriptEnabled: true, networkConnectionEnabled: false, pageLoadStrategy: normal, platform: WINDOWS, platformName: WINDOWS, proxy: Proxy(), setWindowRect: true, strictFileInteractability: false, timeouts: {implicit: 0, pageLoad: 300000, script: 30000}, unhandledPromptBehavior: dismiss and notify, webauthn:extension:credBlob: true, webauthn:extension:largeBlob: true, webauthn:extension:minPinLength: true, webauthn:extension:prf: true, webauthn:virtualAuthenticators: true}
Session ID: ceb7cf1e012d4947c190e6fb0e0ba44a
at org.openqa.selenium.remote.http.W3CHttpResponseCodec.decode(W3CHttpResponseCodec.java:120)
at org.openqa.selenium.remote.http.W3CHttpResponseCodec.decode(W3CHttpResponseCodec.java:49)
at org.openqa.selenium.remote.HttpCommandExecutor.execute(HttpCommandExecutor.java:158)
at org.openqa.selenium.remote.service.DriverCommandExecutor.execute(DriverCommandExecutor.java:83)
at org.openqa.selenium.remote.RemoteWebDriver.execute(RemoteWebDriver.java:552)
at org.openqa.selenium.remote.RemoteWebDriver.execute(RemoteWebDriver.java:609)
at org.openqa.selenium.remote.RemoteWebDriver$RemoteNavigation.refresh(RemoteWebDriver.java:865)
at commons.BasePage.refreshBrowser(BasePage.java:57)
at com.newaccount.NewAccount.NC30_Email_is_Empty(NewAccount.java:335)
at java.base/jdk.internal.reflect.NativeMethodAccessorImpl.invoke0(Native Method)
at java.base/jdk.internal.reflect.NativeMethodAccessorImpl.invoke(NativeMethodAccessorImpl.java:62)
at java.base/jdk.internal.reflect.DelegatingMethodAccessorImpl.invoke(DelegatingMethodAccessorImpl.java:43)
at java.base/java.lang.reflect.Method.invoke(Method.java:566)
at org.testng.internal.invokers.MethodInvocationHelper.invokeMethod(MethodInvocationHelper.java:139)
at org.testng.internal.invokers.TestInvoker.invokeMethod(TestInvoker.java:664)
at org.testng.internal.invokers.TestInvoker.invokeTestMethod(TestInvoker.java:227)
at org.testng.internal.invokers.MethodRunner.runInSequence(MethodRunner.java:50)
at org.testng.internal.invokers.TestInvoker$MethodInvocationAgent.invoke(TestInvoker.java:957)
at org.testng.internal.invokers.TestInvoker.invokeTestMethods(TestInvoker.java:200)
at org.testng.internal.invokers.TestMethodWorker.invokeTestMethods(TestMethodWorker.java:148)
at org.testng.internal.invokers.TestMethodWorker.run(TestMethodWorker.java:128)
at java.base/java.util.ArrayList.forEach(ArrayList.java:1541)
at org.testng.TestRunner.privateRun(TestRunner.java:848)
at org.testng.TestRunner.run(TestRunner.java:621)
at org.testng.SuiteRunner.runTest(SuiteRunner.java:443)
at org.testng.SuiteRunner.runSequentially(SuiteRunner.java:437)
at org.testng.SuiteRunner.privateRun(SuiteRunner.java:397)
at org.testng.SuiteRunner.run(SuiteRunner.java:336)
at org.testng.SuiteRunnerWorker.runSuite(SuiteRunnerWorker.java:52)
at org.testng.SuiteRunnerWorker.run(SuiteRunnerWorker.java:95)
at org.testng.TestNG.runSuitesSequentially(TestNG.java:1280)
at org.testng.TestNG.runSuitesLocally(TestNG.java:1200)
at org.testng.TestNG.runSuites(TestNG.java:1114)
at org.testng.TestNG.run(TestNG.java:1082)
at org.testng.remote.AbstractRemoteTestNG.run(AbstractRemoteTestNG.java:115)
at org.testng.remote.RemoteTestNG.initAndRun(RemoteTestNG.java:251)
at org.testng.remote.RemoteTestNG.main(RemoteTestNG.java:77)
]]>
    </error>
    <system-out>
      <![CDATA[[2023-08-19 12:00:58,642] NC30 01: Click to Reset Button to clear all field
<br>
[2023-08-19 12:00:58,724] NC30 02: Click to Submit Button
<br>
[2023-08-19 12:00:58,793] NC30 03: Verify all field is required
<br>
[2023-08-19 12:00:58,798] NC30 04: Refresh Page
<br>]]>
    </system-out>
  </testcase> <!-- NC30_Email_is_Empty -->
  <testcase classname="com.newaccount.NewAccount" name="NC12_State_Is_Empty" time="0.197">
    <system-out>
      <![CDATA[[2023-08-19 12:00:55,409] N12 01: Enter to State value ''
<br>
[2023-08-19 12:00:55,494] N12 02: Press tab to navigate next field
<br>
[2023-08-19 12:00:55,535] N12 03: Verify error message is displayed
<br>]]>
    </system-out>
  </testcase> <!-- NC12_State_Is_Empty -->
  <testcase classname="com.newaccount.NewAccount" name="NC22_Telephone_Is_Empty" time="0.239">
    <system-out>
      <![CDATA[[2023-08-19 12:00:57,261] NC22 01: Enter to Telephone value ''
<br>
[2023-08-19 12:00:57,377] NC22 02: Press Tab to navigate next field
<br>
[2023-08-19 12:00:57,432] NC22 03: Verify error message is displayed
<br>]]>
    </system-out>
  </testcase> <!-- NC22_Telephone_Is_Empty -->
  <testcase classname="com.newaccount.NewAccount" name="NC19_PIN_Cannot_Have_Special" time="0.168">
    <system-out>
      <![CDATA[[2023-08-19 12:00:56,717] N19 01: Enter to PIN value '123$$$$'
<br>
[2023-08-19 12:00:56,825] N19 02: Verify error message is displayed
<br>]]>
    </system-out>
  </testcase> <!-- NC19_PIN_Cannot_Have_Special -->
  <testcase classname="com.newaccount.NewAccount" name="NC24_Telephone_is_include_blank_space" time="0.182">
    <system-out>
      <![CDATA[[2023-08-19 12:00:57,696] NC24 01: Enter to Telephone value '12312 34435'
<br>
[2023-08-19 12:00:57,815] NC24 02: Verify error message is displayed
<br>]]>
    </system-out>
  </testcase> <!-- NC24_Telephone_is_include_blank_space -->
  <testcase classname="com.newaccount.NewAccount" name="NC21_Pin_Have_Blank_Space" time="0.175">
    <system-out>
      <![CDATA[[2023-08-19 12:00:57,078] NC21 01: Enter to PIN value '23 454'
<br>
[2023-08-19 12:00:57,185] NC21 02: Verify error message is displayed
<br>]]>
    </system-out>
  </testcase> <!-- NC21_Pin_Have_Blank_Space -->
  <testcase classname="com.newaccount.NewAccount" name="NC26_Email_is_Empty" time="0.234">
    <system-out>
      <![CDATA[[2023-08-19 12:00:58,035] NC26 01: Enter to Email value ''
<br>
[2023-08-19 12:00:58,155] NC26 01: Press Tab to navigate next field
<br>
[2023-08-19 12:00:58,198] NC26 03: Verify error message is displayed
<br>]]>
    </system-out>
  </testcase> <!-- NC26_Email_is_Empty -->
  <testcase classname="com.newaccount.NewAccount" name="NC18_PIN_Must_Have_6_Digits" time="0.178">
    <system-out>
      <![CDATA[[2023-08-19 12:00:56,540] N18 01: Enter to PIN value '12345'
<br>
[2023-08-19 12:00:56,650] N18 02: Verify error message is displayed
<br>]]>
    </system-out>
  </testcase> <!-- NC18_PIN_Must_Have_6_Digits -->
  <testcase classname="com.newaccount.NewAccount" name="NC20_Pin_Have_First_Blank_Space" time="0.188">
    <system-out>
      <![CDATA[[2023-08-19 12:00:56,888] NC20 01: Enter to PIN value ' sadsadsad'
<br>
[2023-08-19 12:00:57,001] NC20 02: Verify error message is displayed
<br>]]>
    </system-out>
  </testcase> <!-- NC20_Pin_Have_First_Blank_Space -->
  <testcase classname="com.newaccount.NewAccount" name="NC13_State_Is_Numeric" time="0.157">
    <system-out>
      <![CDATA[[2023-08-19 12:00:55,606] N13 01: Enter to State value '123123123123'
<br>
[2023-08-19 12:00:55,706] N13 02: Verify error message is displayed
<br>]]>
    </system-out>
  </testcase> <!-- NC13_State_Is_Numeric -->
  <testcase classname="com.newaccount.NewAccount" name="NC16_Pin_Is_Empty" time="0.205">
    <system-out>
      <![CDATA[[2023-08-19 12:00:56,129] N16 01: Enter to PIN value ''
<br>
[2023-08-19 12:00:56,224] N16 02: Press Tab to navigate next field
<br>
[2023-08-19 12:00:56,265] N16 02: Verify error message is displayed
<br>]]>
    </system-out>
  </testcase> <!-- NC16_Pin_Is_Empty -->
  <testcase classname="com.newaccount.NewAccount" name="NC10_City_Is_Special_Character" time="0.193">
    <system-out>
      <![CDATA[[2023-08-19 12:00:55,052] N10 01: Enter to City value '!@#@#!#@!#@#!@!#'
<br>
[2023-08-19 12:00:55,183] N10 02: Verify error message is displayed
<br>]]>
    </system-out>
  </testcase> <!-- NC10_City_Is_Special_Character -->
  <system-out>
    <![CDATA[[2023-08-19 12:00:43,808] Step 01 - Open URL 'https://demo.guru99.com/v4/'
<br>
[2023-08-19 12:00:49,903] Step 02 - Input to USERID value mngr522589
<br>
[2023-08-19 12:00:50,048] Step 03 - Input to Password value epEhEgY
<br>
[2023-08-19 12:00:50,164] Step 04 - Click to login button
<br>
[2023-08-19 12:00:51,200] Verify Login successfully
<br>
[2023-08-19 12:00:51,323] NC1 01: Open New Customer Page
<br>
[2023-08-19 12:00:51,463] NC1 02: Enter to Customer Name ''
<br>
[2023-08-19 12:00:53,619] NC1 03: Press TAB to navigate next field
<br>
[2023-08-19 12:00:53,692] NC1 04: Verify error message is displayed
<br>
[2023-08-19 12:00:53,806] NC2 01: Enter to Customer Name value 'Acc1234'
<br>
[2023-08-19 12:00:53,921] NC2 02: Verify error message is displayed
<br>
[2023-08-19 12:00:53,985] NC3 01: Enter to Customer Name value '123123@##!'
<br>
[2023-08-19 12:00:54,094] NC3 02: Verify error message is displayed
<br>
[2023-08-19 12:00:54,156] N4 01: Enter to Customer Name value ' dsdsdsdsdsd'
<br>
[2023-08-19 12:00:54,268] N4 02: Verify error message is displayed
<br>
[2023-08-19 12:00:54,325] N5 01: Enter to Address value ''
<br>
[2023-08-19 12:00:54,416] N5 02: Press tab key to next field
<br>
[2023-08-19 12:00:54,457] N5 03: Verify error message is displayed
<br>
[2023-08-19 12:00:54,512] N6 01: Enter to Customer Name value ' dsdsdsdsdsd'
<br>
[2023-08-19 12:00:54,611] N6 02: Verify error message is displayed
<br>
[2023-08-19 12:00:54,683] N8 01: Enter to City value ''
<br>
[2023-08-19 12:00:54,775] N8 02: Press tab to navigate next field
<br>
[2023-08-19 12:00:54,817] N8 03: Verify error message is displayed
<br>
[2023-08-19 12:00:54,875] N9 01: Enter to City value '213123123'
<br>
[2023-08-19 12:00:54,978] N9 02: Verify error message is displayed
<br>
[2023-08-19 12:00:55,052] N10 01: Enter to City value '!@#@#!#@!#@#!@!#'
<br>
[2023-08-19 12:00:55,183] N10 02: Verify error message is displayed
<br>
[2023-08-19 12:00:55,246] N11 01: Enter to City value ' dsdsdsdsdsd'
<br>
[2023-08-19 12:00:55,343] N11 02: Verify error message is displayed
<br>
[2023-08-19 12:00:55,409] N12 01: Enter to State value ''
<br>
[2023-08-19 12:00:55,494] N12 02: Press tab to navigate next field
<br>
[2023-08-19 12:00:55,535] N12 03: Verify error message is displayed
<br>
[2023-08-19 12:00:55,606] N13 01: Enter to State value '123123123123'
<br>
[2023-08-19 12:00:55,706] N13 02: Verify error message is displayed
<br>
[2023-08-19 12:00:55,765] N14 01: Enter to State value '@&*!#^&*@!#^&'
<br>
[2023-08-19 12:00:55,872] N14 02: Verify error message is displayed
<br>
[2023-08-19 12:00:55,937] N15 01: Enter to State value ' dsdsdsdsdsd'
<br>
[2023-08-19 12:00:56,054] N15 02: Verify error message is displayed
<br>
[2023-08-19 12:00:56,129] N16 01: Enter to PIN value ''
<br>
[2023-08-19 12:00:56,224] N16 02: Press Tab to navigate next field
<br>
[2023-08-19 12:00:56,265] N16 02: Verify error message is displayed
<br>
[2023-08-19 12:00:56,335] N17 01: Enter to PIN value '123PIN'
<br>
[2023-08-19 12:00:56,463] N17 02: Verify error message is displayed
<br>
[2023-08-19 12:00:56,540] N18 01: Enter to PIN value '12345'
<br>
[2023-08-19 12:00:56,650] N18 02: Verify error message is displayed
<br>
[2023-08-19 12:00:56,717] N19 01: Enter to PIN value '123$$$$'
<br>
[2023-08-19 12:00:56,825] N19 02: Verify error message is displayed
<br>
[2023-08-19 12:00:56,888] NC20 01: Enter to PIN value ' sadsadsad'
<br>
[2023-08-19 12:00:57,001] NC20 02: Verify error message is displayed
<br>
[2023-08-19 12:00:57,078] NC21 01: Enter to PIN value '23 454'
<br>
[2023-08-19 12:00:57,185] NC21 02: Verify error message is displayed
<br>
[2023-08-19 12:00:57,261] NC22 01: Enter to Telephone value ''
<br>
[2023-08-19 12:00:57,377] NC22 02: Press Tab to navigate next field
<br>
[2023-08-19 12:00:57,432] NC22 03: Verify error message is displayed
<br>
[2023-08-19 12:00:57,499] NC23 01: Enter to PIN value ' sadsfsdfsdfsdf'
<br>
[2023-08-19 12:00:57,628] NC23 02: Verify error message is displayed
<br>
[2023-08-19 12:00:57,696] NC24 01: Enter to Telephone value '12312 34435'
<br>
[2023-08-19 12:00:57,815] NC24 02: Verify error message is displayed
<br>
[2023-08-19 12:00:57,878] NC25 01: Enter to Telephone value '13123@##'
<br>
[2023-08-19 12:00:57,973] NC25 02: Verify error message is displayed
<br>
[2023-08-19 12:00:58,035] NC26 01: Enter to Email value ''
<br>
[2023-08-19 12:00:58,155] NC26 01: Press Tab to navigate next field
<br>
[2023-08-19 12:00:58,198] NC26 03: Verify error message is displayed
<br>
[2023-08-19 12:00:58,271] NC27 01: Enter to Email value '13123@##'
<br>
[2023-08-19 12:00:58,362] NC27 02: Verify error message is displayed
<br>
[2023-08-19 12:00:58,427] NC29 01: Enter to Email value ' asdasdasdasd'
<br>
[2023-08-19 12:00:58,570] NC29 02: Verify error message is displayed
<br>
[2023-08-19 12:00:58,642] NC30 01: Click to Reset Button to clear all field
<br>
[2023-08-19 12:00:58,724] NC30 02: Click to Submit Button
<br>
[2023-08-19 12:00:58,793] NC30 03: Verify all field is required
<br>
[2023-08-19 12:00:58,798] NC30 04: Refresh Page
<br>
[2023-08-19 12:00:58,813] OS name = windows 10
<br>
[2023-08-19 12:00:58,813] Driver instance name = chromedriver: chrome on windows (ceb7cf1e012d4947c190e6fb0e0ba44a)
<br>]]>
  </system-out>
</testsuite> <!-- com.newaccount.NewAccount -->
